{
  "RSpec": {
    "coverage": {
      "/Users/c216/Documents/training/note-application/app/controllers/notes_controller.rb": [
        null,
        null,
        null,
        1,
        1,
        1,
        1,
        null,
        1,
        1,
        null,
        null,
        1,
        0,
        null,
        null,
        1,
        0,
        0,
        null,
        0,
        0,
        null,
        null,
        1,
        null,
        1,
        0,
        null,
        0,
        0,
        null,
        null,
        1,
        0,
        null,
        0,
        0,
        null,
        null,
        null,
        null,
        null,
        null,
        1,
        null,
        null,
        0,
        0,
        0,
        null,
        0,
        0,
        0,
        null,
        null,
        null,
        1,
        0,
        null,
        0,
        0,
        null,
        null,
        1,
        0,
        0,
        0,
        null,
        0,
        0,
        0,
        null,
        null,
        null,
        null,
        1,
        0,
        0,
        0,
        null,
        null,
        1,
        null,
        1,
        0,
        null,
        null,
        1,
        1,
        null,
        null,
        1,
        0,
        0,
        null,
        null,
        null,
        0,
        null,
        null
      ],
      "/Users/c216/Documents/training/note-application/app/controllers/concerns/Calendar.rb": [
        null,
        null,
        1,
        1,
        0,
        0,
        0,
        0,
        0,
        null,
        null,
        1,
        0,
        null,
        null,
        null,
        null,
        null,
        0,
        null,
        null,
        1,
        0,
        0,
        0,
        null,
        null,
        1,
        0,
        0,
        0,
        0,
        null,
        null,
        1,
        null,
        1,
        0,
        null,
        null,
        null,
        null,
        null,
        null,
        null,
        null,
        null,
        1,
        0,
        null,
        null,
        null,
        null,
        0,
        null,
        null
      ],
      "/Users/c216/Documents/training/note-application/app/mailers/user_mailer.rb": [
        null,
        null,
        0,
        0,
        0,
        0,
        0,
        0,
        null,
        0,
        0,
        0,
        0,
        0,
        null,
        0,
        0,
        0,
        0,
        0,
        0,
        0,
        0
      ],
      "/Users/c216/Documents/training/note-application/app/mailers/application_mailer.rb": [
        null,
        null,
        0,
        0,
        0,
        0
      ],
      "/Users/c216/Documents/training/note-application/app/admin/dashboard.rb": [
        0,
        null,
        0,
        null,
        0,
        null,
        null,
        0,
        0,
        0,
        0,
        0,
        0,
        0,
        null,
        0,
        0,
        0,
        0,
        null,
        0,
        0,
        0,
        0,
        0,
        0,
        0,
        null,
        null,
        null,
        null,
        null,
        null,
        0,
        0
      ],
      "/Users/c216/Documents/training/note-application/app/admin/notes.rb": [
        0,
        null,
        null,
        null,
        null,
        null,
        null,
        null,
        null,
        null,
        null,
        null,
        null,
        null,
        0
      ],
      "/Users/c216/Documents/training/note-application/app/admin/admin_users.rb": [
        0,
        0,
        null,
        0,
        0,
        0,
        0,
        0,
        0,
        0,
        0,
        0,
        null,
        0,
        0,
        0,
        0,
        null,
        0,
        0,
        0,
        0,
        0,
        0,
        0,
        0,
        null,
        0
      ],
      "/Users/c216/Documents/training/note-application/app/models/note.rb": [
        null,
        null,
        null,
        0,
        null,
        null,
        null,
        null,
        0,
        null,
        null,
        null,
        null,
        0,
        0,
        null,
        0,
        0,
        0,
        0,
        0,
        0,
        0,
        0,
        0,
        0,
        0,
        0,
        0,
        0,
        0,
        0,
        0,
        0,
        null,
        null,
        null,
        null,
        null,
        null,
        0,
        0,
        0,
        null
      ],
      "/Users/c216/Documents/training/note-application/app/models/reminder.rb": [
        null,
        null,
        0,
        0,
        0,
        0
      ],
      "/Users/c216/Documents/training/note-application/app/models/share.rb": [
        null,
        null,
        0,
        null,
        null,
        null,
        0,
        0,
        0,
        0,
        0,
        0,
        0,
        0
      ],
      "/Users/c216/Documents/training/note-application/app/models/ability.rb": [
        null,
        null,
        0,
        0,
        null,
        0,
        0,
        0,
        0,
        0,
        null,
        0,
        0,
        0,
        null,
        0,
        0,
        0,
        null,
        null,
        null,
        null,
        null,
        null,
        null,
        null,
        null,
        null,
        null,
        null,
        null,
        null,
        null,
        null,
        null,
        null,
        null,
        null,
        null,
        null,
        null,
        null,
        null,
        null,
        0,
        0
      ],
      "/Users/c216/Documents/training/note-application/app/models/comment.rb": [
        null,
        null,
        0,
        0,
        0,
        0,
        null,
        null,
        null,
        null,
        0,
        0
      ],
      "/Users/c216/Documents/training/note-application/app/models/permission.rb": [
        null,
        null,
        0,
        0,
        0
      ],
      "/Users/c216/Documents/training/note-application/app/models/admin_user.rb": [
        0,
        null,
        null,
        0,
        0,
        null,
        null,
        0
      ],
      "/Users/c216/Documents/training/note-application/app/models/application_record.rb": [
        null,
        null,
        0,
        0,
        0
      ],
      "/Users/c216/Documents/training/note-application/app/models/user.rb": [
        null,
        null,
        0,
        null,
        0,
        null,
        null,
        0,
        0,
        0,
        0,
        0,
        0,
        0,
        0,
        0,
        0,
        null,
        null,
        null,
        null,
        0,
        0,
        0,
        0,
        0,
        0,
        0,
        0,
        0,
        0,
        0,
        0,
        0,
        0,
        0,
        0,
        0,
        0,
        0,
        0,
        0,
        null,
        null,
        null,
        null,
        0,
        0,
        0,
        0,
        0,
        0,
        0,
        0,
        0,
        0,
        null,
        null,
        null,
        null,
        null,
        0,
        0,
        null,
        0,
        null,
        0,
        0,
        0,
        null,
        0,
        0,
        0,
        null,
        0,
        0,
        0,
        0,
        0,
        0,
        0,
        null,
        0,
        0,
        0,
        0,
        0,
        0,
        0,
        0,
        0
      ],
      "/Users/c216/Documents/training/note-application/app/jobs/application_job.rb": [
        null,
        null,
        0,
        0
      ],
      "/Users/c216/Documents/training/note-application/app/controllers/charges_controller.rb": [
        0,
        0,
        null,
        0,
        0,
        0,
        0,
        0,
        0,
        0,
        0,
        0,
        0,
        0,
        0,
        0,
        0,
        0,
        0,
        0,
        0,
        null,
        0,
        0,
        0,
        0,
        0,
        0,
        0,
        0,
        0,
        0,
        0
      ],
      "/Users/c216/Documents/training/note-application/app/controllers/application_controller.rb": [
        null,
        null,
        0,
        0,
        0,
        null,
        0,
        null,
        0,
        0,
        0,
        null,
        0,
        null,
        0,
        0,
        0,
        0,
        0,
        0,
        0,
        0
      ],
      "/Users/c216/Documents/training/note-application/app/controllers/shares_controller.rb": [
        null,
        null,
        0,
        0,
        0,
        0,
        null,
        0,
        0,
        0,
        0,
        0,
        0,
        0,
        0,
        null,
        0,
        0,
        0,
        0,
        0,
        0,
        0,
        0,
        0,
        null,
        0,
        0,
        0,
        0,
        null,
        0,
        0,
        0,
        0,
        0,
        null,
        0,
        0,
        0,
        0,
        0,
        0,
        0,
        0,
        0,
        0,
        null,
        0,
        0,
        0,
        0,
        0,
        0,
        0,
        0,
        0,
        0,
        null,
        0,
        0,
        0,
        0,
        null,
        0,
        0,
        0,
        0,
        0,
        0,
        0,
        0,
        0,
        null,
        0,
        null,
        0,
        0,
        0,
        0
      ],
      "/Users/c216/Documents/training/note-application/app/controllers/events_controller.rb": [
        null,
        null,
        0,
        0,
        null,
        0,
        0,
        0,
        0,
        0,
        0,
        0,
        0,
        null,
        0,
        null,
        0,
        0,
        0,
        0,
        null,
        0,
        0,
        0,
        0,
        0,
        0,
        null,
        0,
        0,
        0,
        0,
        0,
        0,
        null,
        0,
        0,
        0,
        0,
        0,
        null,
        0,
        0,
        0,
        null,
        0,
        0,
        0,
        null,
        0,
        0,
        0,
        0,
        null,
        0,
        null,
        0,
        0,
        0,
        null,
        0,
        0,
        0,
        0,
        0,
        0,
        0,
        0,
        0,
        0,
        0,
        0
      ],
      "/Users/c216/Documents/training/note-application/app/controllers/omniauth_callbacks_controller.rb": [
        null,
        null,
        0,
        null,
        0,
        0,
        0,
        0,
        0,
        0,
        0,
        0,
        0,
        null,
        0,
        0,
        0,
        0,
        0,
        0,
        null,
        0,
        0,
        0,
        0
      ],
      "/Users/c216/Documents/training/note-application/app/controllers/comments_controller.rb": [
        null,
        null,
        0,
        0,
        0,
        0,
        null,
        0,
        null,
        0,
        0,
        0,
        null,
        0,
        0,
        0,
        null,
        0,
        0,
        0,
        0,
        null,
        0,
        null,
        0,
        0,
        null,
        0,
        0,
        0,
        0,
        null,
        0,
        0,
        null,
        0,
        0,
        0,
        0,
        null,
        0,
        null,
        0,
        0,
        0,
        null,
        0,
        0,
        0,
        null,
        0,
        0,
        0,
        null,
        0,
        0,
        0,
        0
      ],
      "/Users/c216/Documents/training/note-application/app/controllers/reminders_controller.rb": [
        null,
        null,
        0,
        0,
        0
      ],
      "/Users/c216/Documents/training/note-application/app/channels/application_cable/connection.rb": [
        null,
        null,
        0,
        0,
        0,
        0
      ],
      "/Users/c216/Documents/training/note-application/app/channels/application_cable/channel.rb": [
        null,
        null,
        0,
        0,
        0,
        0
      ],
      "/Users/c216/Documents/training/note-application/lib/remote_link_pagination.rb": [
        null,
        null,
        0,
        0,
        0,
        0,
        0,
        0,
        null,
        0,
        0,
        0,
        0,
        0
      ]
    },
    "timestamp": 1556091152
  }
}
